[2025-12-12 17:05:27] [INFO] Application started successfully.
[2025-12-12 17:05:27] [DEBUG] User count fetched: 42
[2025-12-12 17:05:27] [ERROR] Calculation failed: / by zero
[2025-12-12 17:05:27] [WARNING] Memory usage is high.
[2025-12-12 17:05:27] [INFO] Application shutting down.
[2025-12-12 17:05:47] [INFO] Application started successfully.
[2025-12-12 17:05:47] [DEBUG] User count fetched: 42
[2025-12-12 17:05:47] [ERROR] Calculation failed: / by zero
[2025-12-12 17:05:47] [WARNING] Memory usage is high.
[2025-12-12 17:05:47] [INFO] Application shutting down.
[2025-12-12 17:05:47] [INFO] Vicky
[2025-12-12 20:14:58] [INFO] Application started successfully.
[2025-12-12 20:14:58] [DEBUG] User count fetched: 42
[2025-12-12 20:14:58] [ERROR] Calculation failed: / by zero
[2025-12-12 20:14:58] [WARNING] Memory usage is high.
[2025-12-12 20:14:58] [INFO] Application shutting down.
[2025-12-12 20:14:58] [INFO] Vicky
[2025-12-12 20:19:25] [INFO] Application started successfully.
[2025-12-12 20:19:25] [DEBUG] User count fetched: 42
[2025-12-12 20:19:25] [ERROR] Calculation failed: / by zero
[2025-12-12 20:19:25] [WARNING] Memory usage is high.
[2025-12-12 20:19:25] [INFO] Application shutting down.
[2025-12-12 20:19:25] [INFO] Vicky
[2025-12-12 20:23:15] [INFO] Application started successfully.
[2025-12-12 20:23:15] [DEBUG] User count fetched: 42
[2025-12-12 20:23:15] [ERROR] Calculation failed: / by zero
[2025-12-12 20:23:15] [WARNING] Memory usage is high.
[2025-12-12 20:23:15] [INFO] Application shutting down.
[2025-12-12 20:23:15] [INFO] Vicky
